[debug] [2023-02-06T03:12:53.321Z] ----------------------------------------------------------------------
[debug] [2023-02-06T03:12:53.323Z] Command:       C:\Program Files\nodejs\node.exe C:\Users\rajak\AppData\Roaming\npm\node_modules\firebase-tools\lib\bin\firebase.js deploy
[debug] [2023-02-06T03:12:53.324Z] CLI Version:   11.21.0
[debug] [2023-02-06T03:12:53.324Z] Platform:      win32
[debug] [2023-02-06T03:12:53.324Z] Node Version:  v14.18.1
[debug] [2023-02-06T03:12:53.339Z] Time:          Mon Feb 06 2023 08:42:53 GMT+0530 (India Standard Time)
[debug] [2023-02-06T03:12:53.339Z] ----------------------------------------------------------------------
[debug] 
[debug] [2023-02-06T03:12:53.440Z] > command requires scopes: ["email","openid","https://www.googleapis.com/auth/cloudplatformprojects.readonly","https://www.googleapis.com/auth/firebase","https://www.googleapis.com/auth/cloud-platform"]
[debug] [2023-02-06T03:12:53.441Z] > authorizing via signed-in user (akhilrajktt@gmail.com)
[debug] [2023-02-06T03:12:53.441Z] [iam] checking project vishnu-msds for permissions ["firebase.projects.get","firebasehosting.sites.update"]
[debug] [2023-02-06T03:12:53.444Z] >>> [apiv2][query] POST https://cloudresourcemanager.googleapis.com/v1/projects/vishnu-msds:testIamPermissions [none]
[debug] [2023-02-06T03:12:53.445Z] >>> [apiv2][(partial)header] POST https://cloudresourcemanager.googleapis.com/v1/projects/vishnu-msds:testIamPermissions x-goog-quota-user=projects/vishnu-msds
[debug] [2023-02-06T03:12:53.445Z] >>> [apiv2][body] POST https://cloudresourcemanager.googleapis.com/v1/projects/vishnu-msds:testIamPermissions {"permissions":["firebase.projects.get","firebasehosting.sites.update"]}
[debug] [2023-02-06T03:12:54.955Z] <<< [apiv2][status] POST https://cloudresourcemanager.googleapis.com/v1/projects/vishnu-msds:testIamPermissions 200
[debug] [2023-02-06T03:12:54.956Z] <<< [apiv2][body] POST https://cloudresourcemanager.googleapis.com/v1/projects/vishnu-msds:testIamPermissions {"permissions":["firebase.projects.get","firebasehosting.sites.update"]}
[debug] [2023-02-06T03:12:54.961Z] >>> [apiv2][query] GET https://firebase.googleapis.com/v1beta1/projects/vishnu-msds [none]
[debug] [2023-02-06T03:12:55.440Z] <<< [apiv2][status] GET https://firebase.googleapis.com/v1beta1/projects/vishnu-msds 200
[debug] [2023-02-06T03:12:55.441Z] <<< [apiv2][body] GET https://firebase.googleapis.com/v1beta1/projects/vishnu-msds {"projectId":"vishnu-msds","projectNumber":"401716191273","displayName":"Vishnu-MSDS","name":"projects/vishnu-msds","resources":{"hostingSite":"vishnu-msds","storageBucket":"vishnu-msds.appspot.com","locationId":"us-central"},"state":"ACTIVE","etag":"1_ac5132b8-b9ba-4b04-a1f5-c8a28d44d397"}
[info] 
[info] === Deploying to 'vishnu-msds'...
[info] 
[info] i  deploying hosting 
[debug] [2023-02-06T03:12:55.470Z] >>> [apiv2][query] POST https://firebasehosting.googleapis.com/v1beta1/projects/-/sites/vishnu-msds/versions [none]
[debug] [2023-02-06T03:12:55.470Z] >>> [apiv2][body] POST https://firebasehosting.googleapis.com/v1beta1/projects/-/sites/vishnu-msds/versions {"status":"CREATED","labels":{"deployment-tool":"cli-firebase"}}
[debug] [2023-02-06T03:12:56.664Z] <<< [apiv2][status] POST https://firebasehosting.googleapis.com/v1beta1/projects/-/sites/vishnu-msds/versions 200
[debug] [2023-02-06T03:12:56.665Z] <<< [apiv2][body] POST https://firebasehosting.googleapis.com/v1beta1/projects/-/sites/vishnu-msds/versions {"name":"projects/401716191273/sites/vishnu-msds/versions/bb2bd0bc33c71d8f","status":"CREATED","config":{},"labels":{"deployment-tool":"cli-firebase"}}
[info] i  hosting[vishnu-msds]: beginning deploy... 
[info] i  hosting[vishnu-msds]: found 43 files in build 
[debug] [2023-02-06T03:12:56.719Z] [hosting] uploading with 200 concurrency
[debug] [2023-02-06T03:12:57.932Z] [hosting] hash cache [YnVpbGQ] stored for 43 files
[debug] [2023-02-06T03:12:57.932Z] [hosting][hash queue][FINAL] {"max":1201,"min":11,"avg":75.1860465116279,"active":0,"complete":43,"success":43,"errored":0,"retried":0,"total":43,"elapsed":1210}
[debug] [2023-02-06T03:12:57.933Z] >>> [apiv2][query] POST https://firebasehosting.googleapis.com/v1beta1/projects/401716191273/sites/vishnu-msds/versions/bb2bd0bc33c71d8f:populateFiles [none]
[debug] [2023-02-06T03:12:57.933Z] >>> [apiv2][body] POST https://firebasehosting.googleapis.com/v1beta1/projects/401716191273/sites/vishnu-msds/versions/bb2bd0bc33c71d8f:populateFiles {"files":{"/favicon.ico":"d5fd01b4d1c4a19fadd8dceb319165d5a175e8a2c9014c4b2c8138723cea30e3","/logo192.png":"3ee59515172ee198f3be375979df15ac5345183e656720a381b8872b2a39dc8b","/logo512.png":"ee7e2f3fdb8209c4b6fd7bef6ba50d1b9dba30a25bb5c3126df057e1cb6f5331","/manifest.json":"5c997de1364b8be939319fa9209abd77f2caf7f8844999a9e2e9173f844e7840","/robots.txt":"b2090cf9761ef60aa06e4fab97679bd43dfa5e5df073701ead5879d7c68f1ec5","/thank-you.png":"7be06be71a865f62434c5c4e7aed8bfab1d090ffc1def64c45b3acfbe3db21bc","/asset-manifest.json":"7c463dfc8826c18f0b7d82c80069124ee8b1b568f27fe0a54a37e17c3f449161","/index.html":"142de370f8b3d1f4e673fbc86e43eb4bbfcf60b8e291a4810c55107b2388d29b","/static/css/2.de7f7ddc.chunk.css":"bb83b77912cf62e10a13a80df2dd525b0739505ec466e164ee6074d1b8a6806f","/static/js/2.c7bb0c21.chunk.js.LICENSE.txt":"f6b73f27559990f6885679c9a53d5fe7de5cc7da07874d783d1bd7b820fb77c5","/static/css/2.de7f7ddc.chunk.css.map":"4a7a0f5349e55cff05bb0ef4788d846bd9e36a5ffdd5d78cea6437d2f1de4e82","/static/js/3.0a411107.chunk.js":"14f5c5d7348607c4b93780f006d838c6ab9bfdbd391e8edb92a3409f54e9835a","/static/css/main.06df79f8.chunk.css":"cd2b706266715d415e89468897eb72e989964c6beb34c601e2f841fd4a1ad8fe","/static/js/3.0a411107.chunk.js.map":"1e8a4b724e225105dce606f4d071ee4a67b3100989ac57c243a59570905fcea1","/static/js/runtime-main.d52a316e.js":"505680f3e6e9b25ab14d0b197e09728e937e16afbd0fc4f5fcc32df439749e8d","/static/media/car.a502ba89.svg":"c7da0d364447b7d07a0c79357d3c353131a6eab471a0958f3154109e15810aff","/static/media/certificate.c4329c2b.svg":"87527c31ca741c9bc38fe73bba96e1552b687487e8177f91c3a327976c790fb5","/static/media/clipboard.fbe39426.svg":"1e68c87906191e43d7fcd53799bd9586acc826e38c6a58ed070c57db4e35eae3","/static/js/runtime-main.d52a316e.js.map":"55c55ebf7a97411f592a82d6c0234bd518338fe56d9472a9424ff0c00c797208","/static/media/driving-license.74ea9006.svg":"1307cd914158fdc030f36f4be74ea5cf7b5627576419cde9306599ce42a674e4","/static/media/km.a9c60074.svg":"132c834c32d6f468133d864930f941f7eb5d4fe4903497a50ab7e382a5c6d4db","/static/media/left-quote.578a3390.svg":"13fb70da54aa628b63eabe5274b2a771dd46edc6574c35d0b86976391aacd5f2","/static/media/mainlogo.6e4888d0.svg":"12dbee7d4c180701229659bf206bf7b97536bcd645fe5d0886e8da1bd78c7fb5","/static/media/map.8ffe5ab1.svg":"50581964b4f63047cf988f9bb566df4064f39b452674fc040575efdaae201556","/static/media/main__illustration.f89d0417.svg":"e4e6bb716dad137ac4cb7b3b38b518f703eb8247eff882b45a72ac4bc9161584","/static/media/menu.78529502.svg":"c68da8cf4876172fdbb1fd4e2d93b92f485d990eae3b0149994c68972271240f","/static/media/maruthi.5a705abc.svg":"fac2dc6011137ab1a83bf554e1d957e404cfa7f60e2b24276f5cc6ebd6a7ba4f","/static/media/steering-wheel.630f80f1.svg":"d6b996afb511b73745ba4aa56607ace712924e1a76d484908af3b3091966fc7c","/static/media/steering-w.0c073f84.svg":"58c1ad07d9a64ede02870ceaac5befe19b9c2e63bd973ab63edb7b1c75d2aa49","/static/media/recycle.3fb7bfc5.svg":"ed7be4c2f16333acb3a8aea7c0017e6f7ea51bc2823a8566d9729b8f33773e62","/static/media/suzuki.ed4832d2.svg":"f50311787a45e8464bd8d47cc3018fda4b26ef308b2c8b24df26309da0e81ddf","/static/css/main.06df79f8.chunk.css.map":"845251c27ede44b139412a9d53271d4db90981a875a2f4ce15bb1d188f9cdb38","/static/media/stimulator-wheel.85da6f40.svg":"9d431a5de4031a34c7520c63f04880f21475cbf2d091be07f81106fbb1674bc7","/static/js/main.f8b0466c.chunk.js":"687193689bf48dd87f653a62766caa0e7bd03e64860d4d2ac19798c024e06b62","/static/js/main.f8b0466c.chunk.js.map":"21eb55c1da9b4f74b2efa251ebabd2f66a654f67a78e335c6bddf553bc85ca65","/static/media/image1.08622e20.JPG":"1814ad4562ceaf89003cccd67ecab4e454dbc2108461007cbe2fe88e45af9a4e","/static/media/image5.8a827e5c.JPG":"b27f34523ff43e11e03fa3385f58ac3b391e85f8dac121549b2b29751a2d5000","/static/media/image4.6e8ff851.JPG":"63e86ff8982b5a9a4c7ad3f791215e2703f9de3d0dd4f9a59e0c1d087ec68692","/static/media/image2.5062a94e.JPG":"50bd090d4988c048df905be1adfdcd06440c70de08f027989d684c7def7479df","/static/media/image3.a327671d.JPG":"a5c1ad0ea0378ed330463e778e69e7d5db21e4fd1c85e3d3ac75aecc5376a09a","/static/media/image7.8122b16f.JPG":"11d2154dff1d427e1b83880172aab2cd61238ed895b73b8cffcbe1b90556dc2c","/static/js/2.c7bb0c21.chunk.js":"fc7061a6043a6d3f498dca79196f8a249d79966cf5673702d75f4c7373814d96","/static/js/2.c7bb0c21.chunk.js.map":"9af2bc59136dc772f2d784fe3e44c62ea2517d227cb3d5f2bd098438ee5c6a15"}}
[debug] [2023-02-06T03:12:58.922Z] <<< [apiv2][status] POST https://firebasehosting.googleapis.com/v1beta1/projects/401716191273/sites/vishnu-msds/versions/bb2bd0bc33c71d8f:populateFiles 200
[debug] [2023-02-06T03:12:58.922Z] <<< [apiv2][body] POST https://firebasehosting.googleapis.com/v1beta1/projects/401716191273/sites/vishnu-msds/versions/bb2bd0bc33c71d8f:populateFiles {"uploadRequiredHashes":["9af2bc59136dc772f2d784fe3e44c62ea2517d227cb3d5f2bd098438ee5c6a15","142de370f8b3d1f4e673fbc86e43eb4bbfcf60b8e291a4810c55107b2388d29b","7c463dfc8826c18f0b7d82c80069124ee8b1b568f27fe0a54a37e17c3f449161","fc7061a6043a6d3f498dca79196f8a249d79966cf5673702d75f4c7373814d96","687193689bf48dd87f653a62766caa0e7bd03e64860d4d2ac19798c024e06b62","21eb55c1da9b4f74b2efa251ebabd2f66a654f67a78e335c6bddf553bc85ca65"],"uploadUrl":"https://upload-firebasehosting.googleapis.com/upload/sites/vishnu-msds/versions/bb2bd0bc33c71d8f/files"}
[debug] [2023-02-06T03:12:58.928Z] >>> [apiv2][query] POST https://upload-firebasehosting.googleapis.com/upload/sites/vishnu-msds/versions/bb2bd0bc33c71d8f/files/9af2bc59136dc772f2d784fe3e44c62ea2517d227cb3d5f2bd098438ee5c6a15 [none]
[debug] [2023-02-06T03:12:58.929Z] >>> [apiv2][body] POST https://upload-firebasehosting.googleapis.com/upload/sites/vishnu-msds/versions/bb2bd0bc33c71d8f/files/9af2bc59136dc772f2d784fe3e44c62ea2517d227cb3d5f2bd098438ee5c6a15 [stream]
[debug] [2023-02-06T03:12:58.935Z] >>> [apiv2][query] POST https://upload-firebasehosting.googleapis.com/upload/sites/vishnu-msds/versions/bb2bd0bc33c71d8f/files/142de370f8b3d1f4e673fbc86e43eb4bbfcf60b8e291a4810c55107b2388d29b [none]
[debug] [2023-02-06T03:12:58.936Z] >>> [apiv2][body] POST https://upload-firebasehosting.googleapis.com/upload/sites/vishnu-msds/versions/bb2bd0bc33c71d8f/files/142de370f8b3d1f4e673fbc86e43eb4bbfcf60b8e291a4810c55107b2388d29b [stream]
[debug] [2023-02-06T03:12:58.940Z] >>> [apiv2][query] POST https://upload-firebasehosting.googleapis.com/upload/sites/vishnu-msds/versions/bb2bd0bc33c71d8f/files/7c463dfc8826c18f0b7d82c80069124ee8b1b568f27fe0a54a37e17c3f449161 [none]
[debug] [2023-02-06T03:12:58.940Z] >>> [apiv2][body] POST https://upload-firebasehosting.googleapis.com/upload/sites/vishnu-msds/versions/bb2bd0bc33c71d8f/files/7c463dfc8826c18f0b7d82c80069124ee8b1b568f27fe0a54a37e17c3f449161 [stream]
[debug] [2023-02-06T03:12:58.943Z] >>> [apiv2][query] POST https://upload-firebasehosting.googleapis.com/upload/sites/vishnu-msds/versions/bb2bd0bc33c71d8f/files/fc7061a6043a6d3f498dca79196f8a249d79966cf5673702d75f4c7373814d96 [none]
[debug] [2023-02-06T03:12:58.944Z] >>> [apiv2][body] POST https://upload-firebasehosting.googleapis.com/upload/sites/vishnu-msds/versions/bb2bd0bc33c71d8f/files/fc7061a6043a6d3f498dca79196f8a249d79966cf5673702d75f4c7373814d96 [stream]
[debug] [2023-02-06T03:12:58.948Z] >>> [apiv2][query] POST https://upload-firebasehosting.googleapis.com/upload/sites/vishnu-msds/versions/bb2bd0bc33c71d8f/files/687193689bf48dd87f653a62766caa0e7bd03e64860d4d2ac19798c024e06b62 [none]
[debug] [2023-02-06T03:12:58.948Z] >>> [apiv2][body] POST https://upload-firebasehosting.googleapis.com/upload/sites/vishnu-msds/versions/bb2bd0bc33c71d8f/files/687193689bf48dd87f653a62766caa0e7bd03e64860d4d2ac19798c024e06b62 [stream]
[debug] [2023-02-06T03:12:58.951Z] >>> [apiv2][query] POST https://upload-firebasehosting.googleapis.com/upload/sites/vishnu-msds/versions/bb2bd0bc33c71d8f/files/21eb55c1da9b4f74b2efa251ebabd2f66a654f67a78e335c6bddf553bc85ca65 [none]
[debug] [2023-02-06T03:12:58.952Z] >>> [apiv2][body] POST https://upload-firebasehosting.googleapis.com/upload/sites/vishnu-msds/versions/bb2bd0bc33c71d8f/files/21eb55c1da9b4f74b2efa251ebabd2f66a654f67a78e335c6bddf553bc85ca65 [stream]
[debug] [2023-02-06T03:12:58.955Z] [hosting][populate queue][FINAL] {"max":997,"min":997,"avg":997,"active":0,"complete":1,"success":1,"errored":0,"retried":0,"total":1,"elapsed":1025}
[debug] [2023-02-06T03:12:58.955Z] [hosting] uploads queued: 6
